# phase_6

第二，三题答案：

```
1 2 6 24 120 720
0 w 593
```

先给二进制文件加上可执行权限：

```bash
chmod +x bomb
```

执行：

```bash
gdb bomb
```

输入：

```bash
disas phase_6
```

先看汇编代码：

```apl
Dump of assembler code for function phase_6:
   0x080493b0 <+0>:     sub    $0x10,%esp
   0x080493b3 <+3>:     push   $0xa
   0x080493b5 <+5>:     push   $0x0
   0x080493b7 <+7>:     pushl  0x1c(%esp)
   0x080493bb <+11>:    call   0x80489b0 <strtol@plt>
   0x080493c0 <+16>:    mov    %eax,0x804c174
   0x080493c5 <+21>:    movl   $0x804c174,(%esp)
   0x080493cc <+28>:    call   0x8049359 <fun6>
   0x080493d1 <+33>:    mov    0x8(%eax),%eax
   0x080493d4 <+36>:    mov    0x8(%eax),%eax
   0x080493d7 <+39>:    mov    0x8(%eax),%eax
   0x080493da <+42>:    mov    0x8(%eax),%eax
   0x080493dd <+45>:    add    $0x10,%esp
   0x080493e0 <+48>:    mov    0x804c174,%edx
   0x080493e6 <+54>:    cmp    %edx,(%eax)
   0x080493e8 <+56>:    je     0x80493f7 <phase_6+71>
   0x080493ea <+58>:    sub    $0xc,%esp
   0x080493ed <+61>:    push   $0x6
   0x080493ef <+63>:    call   0x804994d <explode_bomb>
   0x080493f4 <+68>:    add    $0x10,%esp
   0x080493f7 <+71>:    add    $0xc,%esp
   0x080493fa <+74>:    ret
End of assembler dump.
```

注意到：

```apl
0x080493c0 <+16>:    mov    %eax,0x804c174
```

意思是node0 = eax, eax 等于我们输入的值，这句话就是给第一个就节点赋值，打断点：

```bash
b *0x804c174
```

运行：

```bash
run -t 3 -x 236
```

执行命令，看看0x804c174处是啥：

```
x/3x 0x804c174
```

输出此处的信息，发现是个`node`，可能是结构体，第三个元素是下一个元素的指针，说明是个链表，输出所有元素：

```apl
(gdb) x/3x 0x804c174
0x804c174 <node0>:      0x00000001      0x00000000      0x0804c180
(gdb) x/3x 0x0804c180
0x804c180 <node1>:      0x000003ad      0x00000001      0x0804c18c
(gdb) x/3x 0x0804c18c
0x804c18c <node2>:      0x00000222      0x00000002      0x0804c198
(gdb) x/3x 0x0804c198
0x804c198 <node3>:      0x00000257      0x00000003      0x0804c1a4
(gdb) x/3x 0x0804c1a4
0x804c1a4 <node4>:      0x00000270      0x00000004      0x0804c1b0
(gdb) x/3x 0x0804c1b0
0x804c1b0 <node5>:      0x000003d9      0x00000005      0x0804c1bc
(gdb) x/3x 0x0804c1bc
0x804c1bc <node6>:      0x000003e4      0x00000006      0x0804c1c8
(gdb) x/3x 0x0804c1c8
0x804c1c8 <node7>:      0x000000bc      0x00000007      0x0804c1d4
(gdb) x/3x 0x0804c1d4
0x804c1d4 <node8>:      0x0000035d      0x00000008      0x0804c1e0
(gdb) x/3x 0x0804c1e0
0x804c1e0 <node9>:      0x000000bb      0x00000009      0x00000000
```

把数字按元素序号顺序排列好：

| 0              | 1     | 2     | 3     | 4     | 5     | 6     | 7    | 8     | 9    |
| -------------- | ----- | ----- | ----- | ----- | ----- | ----- | ---- | ----- | ---- |
| 取决于输入的值 | 0x3ad | 0x222 | 0x257 | 0x270 | 0x3d9 | 0x3e4 | 0xbc | 0x35d | 0xbb |
| 625            |       |       |       | 624   |       |       |      |       |      |

之后就调用了fun6函数，不管fun6干了啥，先打断点到call之后的指令

```apl
   0x080493cc <+28>:    call   0x8049359 <fun6>
   0x080493d1 <+33>:    mov    0x8(%eax),%eax
```

也就是0x080493d1。打断点：

```bash
b *0x080493d1
```

输出：

```apl
(gdb) x/8x $eax
0x804c1bc <node6>:      0xe4    0x03    0x00    0x00    0x06    0x00    0x00    0x00
(gdb) si
0x080493d4 in phase_6 ()
(gdb) x/8x $eax
0x804c1b0 <node5>:      0xd9    0x03    0x00    0x00    0x05    0x00    0x00    0x00
(gdb) si
0x080493d7 in phase_6 ()
(gdb) x/8x $eax
0x804c180 <node1>:      0xad    0x03    0x00    0x00    0x01    0x00    0x00    0x00
(gdb) si
0x080493da in phase_6 ()
(gdb) x/8x $eax
0x804c1d4 <node8>:      0x5d    0x03    0x00    0x00    0x08    0x00    0x00    0x00
(gdb) si
0x080493dd in phase_6 ()
(gdb) x/8x $eax
0x804c1a4 <node4>:      0x70    0x02    0x00    0x00    0x04    0x00    0x00    0x00
```

发现经过fun6处理后，链表被按照节点值从大到小排列了，最后eax指向了node4，然后判断是否是node0，不是就爆炸，因为最后要指向node0，所以只要node0的值大于node4的值，小于node8的值就行。所以对于第六题输入625就行。